Arguments: 
  C:\Program Files\nodejs\node.exe C:\Users\rguevara\AppData\Roaming\npm\node_modules\yarn\bin\yarn.js --clear-cache

PATH: 
  C:\WINDOWS\system32;C:\WINDOWS;C:\WINDOWS\System32\Wbem;C:\WINDOWS\System32\WindowsPowerShell\v1.0\;C:\WINDOWS\System32\OpenSSH\;C:\Program Files\Git\cmd;C:\Program Files\nodejs\;C:\Users\rguevara\AppData\Local\Programs\Python\Python310\Scripts\;C:\Users\rguevara\AppData\Local\Programs\Python\Python310\;C:\Users\rguevara\AppData\Local\Microsoft\WindowsApps;C:\Users\rguevara\AppData\Local\Programs\Microsoft VS Code\bin;C:\Users\rguevara\AppData\Local\Programs\Fiddler;C:\Users\rguevara\AppData\Local\Microsoft\WindowsApps;C:\Users\rguevara\AppData\Roaming\npm

Yarn version: 
  1.22.19

Node version: 
  16.16.0

Platform: 
  win32 x64

Trace: 
  Error: EPERM: operation not permitted, unlink 'C:\hardhat\next409\backend\node_modules\keccak\prebuilds\win32-x64\node.napi.node'

npm manifest: 
  {
    "name": "backend",
    "version": "1.0.0",
    "description": "",
    "main": "index.js",
    "scripts": {
      "test": "echo \"Error: no test specified\" && exit 1",
      "postinstall": "prisma generate",
      "prismaDev": "dotenv -e .env.local prisma migrate dev "
    },
    "keywords": [],
    "author": "",
    "license": "ISC",
    "dependencies": {
      "@alch/alchemy-web3": "^1.4.6",
      "@nomicfoundation/hardhat-chai-matchers": "^1.0.2",
      "@nomicfoundation/hardhat-toolbox": "^1.0.1",
      "@nomiclabs/hardhat-ethers": "^2.1.0",
      "@openzeppelin/contracts": "^4.7.2",
      "chai": "^4.3.6",
      "dotenv": "^16.0.1",
      "ethereum-waffle": "^3.4.4",
      "ethers": "^5.6.9",
      "hardhat": "^2.10.1",
      "keccak256": "^1.0.6",
      "merkletreejs": "^0.2.32"
    }
  }

yarn manifest: 
  No manifest

Lockfile: 
  No lockfile
